<?xml version="1.0" encoding="UTF-8"?>
<!-- Generated by org.testng.reporters.JUnitReportReporter -->
<testsuite hostname="ANDRIIV" name="com.example.tests.TestFolderCreation" tests="1" failures="0" timestamp="7 Aug 2015 09:32:46 GMT" time="2.256" errors="0">
  <testcase name="testFolderCreation" time="2.256" classname="com.example.tests.TestFolderCreation"/>
</testsuite> <!-- com.example.tests.TestFolderCreation -->
